Level	Code	Message
Note	1051	Unknown table 'roles'
Level	Code	Message
Note	1051	Unknown table 'utilisateurs'
Level	Code	Message
Note	1051	Unknown table 'pays'
Level	Code	Message
Note	1051	Unknown table 'adresses'
Level	Code	Message
Note	1051	Unknown table 'methodes_livraison'
Level	Code	Message
Note	1051	Unknown table 'commandes'
Level	Code	Message
Note	1051	Unknown table 'livraisons'
Level	Code	Message
Note	1051	Unknown table 'etapes'
Level	Code	Message
Note	1051	Unknown table 'cartes_credit'
Level	Code	Message
Note	1051	Unknown table 'paiements'
Level	Code	Message
Note	1051	Unknown table 'categories'
Level	Code	Message
Note	1051	Unknown table 'produits'
Level	Code	Message
Note	1051	Unknown table 'frais_de_port'
Level	Code	Message
Note	1051	Unknown table 'commandes_has_produits'
Level	Code	Message
Note	1051	Unknown table 'livraisons_has_produits'
Level	Code	Message
Note	1051	Unknown table 'livraisons_has_etapes'
Level	Code	Message
Warning	1265	Data truncated for column 'description' at row 6
Warning	1265	Data truncated for column 'description' at row 7
Warning	1265	Data truncated for column 'description' at row 8
Warning	1265	Data truncated for column 'description' at row 10
Warning	1265	Data truncated for column 'description' at row 15
Warning	1265	Data truncated for column 'description' at row 21
Warning	1265	Data truncated for column 'description' at row 22
Warning	1265	Data truncated for column 'description' at row 25
Warning	1265	Data truncated for column 'description' at row 26
Warning	1265	Data truncated for column 'description' at row 27
Warning	1265	Data truncated for column 'description' at row 28
Warning	1265	Data truncated for column 'description' at row 29
Warning	1265	Data truncated for column 'description' at row 30
Warning	1265	Data truncated for column 'description' at row 32
Warning	1265	Data truncated for column 'description' at row 33
Warning	1265	Data truncated for column 'description' at row 34
Warning	1265	Data truncated for column 'description' at row 35
Warning	1265	Data truncated for column 'description' at row 36
Warning	1265	Data truncated for column 'description' at row 37
Warning	1265	Data truncated for column 'description' at row 38
Warning	1265	Data truncated for column 'description' at row 39
Warning	1265	Data truncated for column 'description' at row 40
Warning	1265	Data truncated for column 'description' at row 41
Warning	1265	Data truncated for column 'description' at row 43
Warning	1265	Data truncated for column 'description' at row 44
Warning	1265	Data truncated for column 'description' at row 45
Warning	1265	Data truncated for column 'description' at row 46
Warning	1265	Data truncated for column 'description' at row 48
Warning	1265	Data truncated for column 'description' at row 50
Warning	1265	Data truncated for column 'description' at row 52
Warning	1265	Data truncated for column 'description' at row 53
Warning	1265	Data truncated for column 'description' at row 57
Warning	1265	Data truncated for column 'description' at row 58
Warning	1265	Data truncated for column 'description' at row 59
Warning	1265	Data truncated for column 'description' at row 60
Warning	1265	Data truncated for column 'description' at row 61
Warning	1265	Data truncated for column 'description' at row 62
Warning	1265	Data truncated for column 'description' at row 63
Warning	1265	Data truncated for column 'description' at row 64
Warning	1265	Data truncated for column 'description' at row 65
Warning	1265	Data truncated for column 'description' at row 66
Warning	1265	Data truncated for column 'description' at row 68
Warning	1265	Data truncated for column 'description' at row 70
Warning	1265	Data truncated for column 'description' at row 71
Warning	1265	Data truncated for column 'description' at row 72
Warning	1265	Data truncated for column 'description' at row 73
Warning	1265	Data truncated for column 'description' at row 77
Warning	1265	Data truncated for column 'description' at row 79
Warning	1265	Data truncated for column 'description' at row 81
Warning	1265	Data truncated for column 'description' at row 82
Warning	1265	Data truncated for column 'description' at row 86
Warning	1265	Data truncated for column 'description' at row 88
Warning	1265	Data truncated for column 'description' at row 95
Warning	1265	Data truncated for column 'description' at row 98
Warning	1265	Data truncated for column 'description' at row 99
